<?xml version="1.0" encoding="UTF-8"?>
<!-- Generated by org.testng.reporters.JUnitReportReporter -->
<testsuite hostname="Rohits-MacBook-Air.local" failures="0" tests="1" name="SumValidation" time="0.452" errors="0" timestamp="2023-05-01T14:32:36 IST" skipped="0">
  <testcase classname="SumValidation" name="sumOfCourses" time="0.452"/>
  <system-out/>
</testsuite> <!-- SumValidation -->
