<?xml version="1.0" encoding="UTF-8"?>
<!-- Generated by org.testng.reporters.JUnitReportReporter -->
<testsuite hostname="Rohits-MacBook-Air.local" failures="0" tests="3" name="Files.DynamicJson" time="1.682" errors="0" timestamp="2023-05-08T15:18:56 IST" skipped="0">
  <testcase classname="Files.DynamicJson" name="addBook" time="0.990"/>
  <system-out/>
  <testcase classname="Files.DynamicJson" name="addBook" time="0.402"/>
  <system-out/>
  <testcase classname="Files.DynamicJson" name="addBook" time="0.290"/>
  <system-out/>
</testsuite> <!-- Files.DynamicJson -->
